<?xml version="1.0" encoding="UTF-8"?>
<!-- Generated by org.testng.reporters.JUnitXMLReporter -->
<testsuite hostname="EPUALVIW0287" ignored="0" name="Surefire test" tests="11" failures="0" timestamp="07 Feb 2018 15:39:47 GMT" time="14.136" errors="0">
  <testcase name="@AfterClass afterMethod" time="0.0" classname="apitest.BaseTest">
    <failure type="java.lang.NullPointerException">
      <![CDATA[java.lang.NullPointerExceptionat ui.driver.Driver.quit(Driver.java:59)at apitest.BaseTest.afterMethod(BaseTest.java:29)... Removed 30 stack frames]]>
    </failure>
  </testcase> <!-- @AfterClass afterMethod -->
  <testcase name="@BeforeMethod beforeMethod" time="0.0" classname="apitest.BaseTest">
    <skipped/>
  </testcase> <!-- @BeforeMethod beforeMethod -->
  <testcase name="@AfterClass afterMethod" time="0.0" classname="apitest.BaseTest">
    <skipped/>
  </testcase> <!-- @AfterClass afterMethod -->
  <testcase name="getUserDataByPageTest" time="8.43" classname="apitest.ReqResTest"/>
  <testcase name="verifyResourceDataById" time="1.242" classname="apitest.ReqResTest"/>
  <testcase name="verifyUnsuccessfulLogin" time="0.611" classname="apitest.ReqResTest"/>
  <testcase name="verifyUserAbsenceById" time="0.532" classname="apitest.ReqResTest"/>
  <testcase name="verifyUserCreation" time="0.454" classname="apitest.ReqResTest"/>
  <testcase name="verifyUserDeleteById" time="0.371" classname="apitest.ReqResTest"/>
  <testcase name="verifyUserNamesById" time="0.434" classname="apitest.ReqResTest"/>
  <testcase name="verifyUserPresenceById" time="0.535" classname="apitest.ReqResTest"/>
  <testcase name="verifyUserUpdate" time="0.592" classname="apitest.ReqResTest"/>
  <testcase name="verifyUsersAmountOnPage" time="0.641" classname="apitest.ReqResTest"/>
  <testcase name="test" time="0.0" classname="uitest.Testing">
    <skipped/>
  </testcase> <!-- test -->
</testsuite> <!-- Surefire test -->
