<?xml version="1.0" encoding="UTF-8"?>
<testng-results skipped="1" failed="0" ignored="0" total="11" passed="10">
  <reporter-output>
  </reporter-output>
  <suite name="Surefire suite" duration-ms="14136" started-at="2018-02-07T15:39:33Z" finished-at="2018-02-07T15:39:47Z">
    <groups>
    </groups>
    <test name="Surefire test" duration-ms="14136" started-at="2018-02-07T15:39:33Z" finished-at="2018-02-07T15:39:47Z">
      <class name="uitest.Testing">
        <test-method status="SKIP" signature="beforeMethod(java.lang.reflect.Method)[pri:0, instance:uitest.Testing@2babf189]" name="beforeMethod" is-config="true" duration-ms="0" started-at="2018-02-07T17:39:47Z" finished-at="2018-02-07T17:39:47Z">
          <reporter-output>
          </reporter-output>
        </test-method> <!-- beforeMethod -->
        <test-method status="SKIP" signature="test()[pri:0, instance:uitest.Testing@2babf189]" name="test" duration-ms="0" started-at="2018-02-07T17:39:47Z" finished-at="2018-02-07T17:39:47Z">
          <exception class="java.lang.NullPointerException">
            <full-stacktrace>
              <![CDATA[java.lang.NullPointerExceptionat ui.driver.Driver.quit(Driver.java:59)at apitest.BaseTest.afterMethod(BaseTest.java:29)at sun.reflect.NativeMethodAccessorImpl.invoke0(Native Method)at sun.reflect.NativeMethodAccessorImpl.invoke(NativeMethodAccessorImpl.java:62)at sun.reflect.DelegatingMethodAccessorImpl.invoke(DelegatingMethodAccessorImpl.java:43)at java.lang.reflect.Method.invoke(Method.java:498)at org.testng.internal.MethodInvocationHelper.invokeMethod(MethodInvocationHelper.java:124)at org.testng.internal.MethodInvocationHelper.invokeMethodConsideringTimeout(MethodInvocationHelper.java:59)at org.testng.internal.Invoker.invokeConfigurationMethod(Invoker.java:451)at org.testng.internal.Invoker.invokeConfigurations(Invoker.java:222)at org.testng.internal.Invoker.invokeConfigurations(Invoker.java:142)at org.testng.internal.TestMethodWorker.invokeAfterClassMethods(TestMethodWorker.java:208)at org.testng.internal.TestMethodWorker.run(TestMethodWorker.java:111)at org.testng.TestRunner.privateRun(TestRunner.java:648)at org.testng.TestRunner.run(TestRunner.java:505)at org.testng.SuiteRunner.runTest(SuiteRunner.java:455)at org.testng.SuiteRunner.runSequentially(SuiteRunner.java:450)at org.testng.SuiteRunner.privateRun(SuiteRunner.java:415)at org.testng.SuiteRunner.run(SuiteRunner.java:364)at org.testng.SuiteRunnerWorker.runSuite(SuiteRunnerWorker.java:52)at org.testng.SuiteRunnerWorker.run(SuiteRunnerWorker.java:84)at org.testng.TestNG.runSuitesSequentially(TestNG.java:1187)at org.testng.TestNG.runSuitesLocally(TestNG.java:1116)at org.testng.TestNG.runSuites(TestNG.java:1028)at org.testng.TestNG.run(TestNG.java:996)at org.apache.maven.surefire.testng.TestNGExecutor.run(TestNGExecutor.java:135)at org.apache.maven.surefire.testng.TestNGDirectoryTestSuite.executeMulti(TestNGDirectoryTestSuite.java:193)at org.apache.maven.surefire.testng.TestNGDirectoryTestSuite.execute(TestNGDirectoryTestSuite.java:94)at org.apache.maven.surefire.testng.TestNGProvider.invoke(TestNGProvider.java:146)at org.apache.maven.surefire.booter.ForkedBooter.invokeProviderInSameClassLoader(ForkedBooter.java:386)at org.apache.maven.surefire.booter.ForkedBooter.runSuitesInProcess(ForkedBooter.java:323)at org.apache.maven.surefire.booter.ForkedBooter.main(ForkedBooter.java:143)]]>
            </full-stacktrace>
          </exception> <!-- java.lang.NullPointerException -->
          <reporter-output>
          </reporter-output>
        </test-method> <!-- test -->
        <test-method status="SKIP" signature="afterMethod()[pri:0, instance:uitest.Testing@2babf189]" name="afterMethod" is-config="true" duration-ms="0" started-at="2018-02-07T17:39:47Z" finished-at="2018-02-07T17:39:47Z">
          <reporter-output>
          </reporter-output>
        </test-method> <!-- afterMethod -->
      </class> <!-- uitest.Testing -->
      <class name="apitest.ReqResTest">
        <test-method status="PASS" signature="beforeMethod(java.lang.reflect.Method)[pri:0, instance:apitest.ReqResTest@1eb2d371]" name="beforeMethod" is-config="true" duration-ms="123" started-at="2018-02-07T17:39:33Z" finished-at="2018-02-07T17:39:33Z">
          <params>
            <param index="0">
              <value>
                <![CDATA[public void apitest.ReqResTest.getUserDataByPageTest()]]>
              </value>
            </param>
          </params>
          <reporter-output>
          </reporter-output>
        </test-method> <!-- beforeMethod -->
        <test-method status="PASS" signature="beforeMethod()[pri:0, instance:apitest.ReqResTest@1eb2d371]" name="beforeMethod" is-config="true" duration-ms="4" started-at="2018-02-07T17:39:33Z" finished-at="2018-02-07T17:39:33Z">
          <reporter-output>
          </reporter-output>
        </test-method> <!-- beforeMethod -->
        <test-method status="PASS" signature="getUserDataByPageTest()[pri:0, instance:apitest.ReqResTest@1eb2d371]" name="getUserDataByPageTest" duration-ms="8430" started-at="2018-02-07T17:39:33Z" finished-at="2018-02-07T17:39:42Z">
          <reporter-output>
          </reporter-output>
        </test-method> <!-- getUserDataByPageTest -->
        <test-method status="PASS" signature="beforeMethod()[pri:0, instance:apitest.ReqResTest@1eb2d371]" name="beforeMethod" is-config="true" duration-ms="0" started-at="2018-02-07T17:39:42Z" finished-at="2018-02-07T17:39:42Z">
          <reporter-output>
          </reporter-output>
        </test-method> <!-- beforeMethod -->
        <test-method status="PASS" signature="verifyResourceDataById()[pri:0, instance:apitest.ReqResTest@1eb2d371]" name="verifyResourceDataById" duration-ms="1242" started-at="2018-02-07T17:39:42Z" finished-at="2018-02-07T17:39:43Z">
          <reporter-output>
          </reporter-output>
        </test-method> <!-- verifyResourceDataById -->
        <test-method status="PASS" signature="beforeMethod(java.lang.reflect.Method)[pri:0, instance:apitest.ReqResTest@1eb2d371]" name="beforeMethod" is-config="true" duration-ms="0" started-at="2018-02-07T17:39:42Z" finished-at="2018-02-07T17:39:42Z">
          <params>
            <param index="0">
              <value>
                <![CDATA[public void apitest.ReqResTest.verifyResourceDataById()]]>
              </value>
            </param>
          </params>
          <reporter-output>
          </reporter-output>
        </test-method> <!-- beforeMethod -->
        <test-method status="PASS" signature="beforeMethod(java.lang.reflect.Method)[pri:0, instance:apitest.ReqResTest@1eb2d371]" name="beforeMethod" is-config="true" duration-ms="1" started-at="2018-02-07T17:39:43Z" finished-at="2018-02-07T17:39:43Z">
          <params>
            <param index="0">
              <value>
                <![CDATA[public void apitest.ReqResTest.verifyUnsuccessfulLogin()]]>
              </value>
            </param>
          </params>
          <reporter-output>
          </reporter-output>
        </test-method> <!-- beforeMethod -->
        <test-method status="PASS" signature="beforeMethod()[pri:0, instance:apitest.ReqResTest@1eb2d371]" name="beforeMethod" is-config="true" duration-ms="0" started-at="2018-02-07T17:39:43Z" finished-at="2018-02-07T17:39:43Z">
          <reporter-output>
          </reporter-output>
        </test-method> <!-- beforeMethod -->
        <test-method status="PASS" signature="verifyUnsuccessfulLogin()[pri:0, instance:apitest.ReqResTest@1eb2d371]" name="verifyUnsuccessfulLogin" duration-ms="611" started-at="2018-02-07T17:39:43Z" finished-at="2018-02-07T17:39:44Z">
          <reporter-output>
          </reporter-output>
        </test-method> <!-- verifyUnsuccessfulLogin -->
        <test-method status="PASS" signature="beforeMethod(java.lang.reflect.Method)[pri:0, instance:apitest.ReqResTest@1eb2d371]" name="beforeMethod" is-config="true" duration-ms="0" started-at="2018-02-07T17:39:44Z" finished-at="2018-02-07T17:39:44Z">
          <params>
            <param index="0">
              <value>
                <![CDATA[public void apitest.ReqResTest.verifyUserAbsenceById()]]>
              </value>
            </param>
          </params>
          <reporter-output>
          </reporter-output>
        </test-method> <!-- beforeMethod -->
        <test-method status="PASS" signature="verifyUserAbsenceById()[pri:0, instance:apitest.ReqResTest@1eb2d371]" name="verifyUserAbsenceById" duration-ms="532" started-at="2018-02-07T17:39:44Z" finished-at="2018-02-07T17:39:44Z">
          <reporter-output>
          </reporter-output>
        </test-method> <!-- verifyUserAbsenceById -->
        <test-method status="PASS" signature="beforeMethod()[pri:0, instance:apitest.ReqResTest@1eb2d371]" name="beforeMethod" is-config="true" duration-ms="0" started-at="2018-02-07T17:39:44Z" finished-at="2018-02-07T17:39:44Z">
          <reporter-output>
          </reporter-output>
        </test-method> <!-- beforeMethod -->
        <test-method status="PASS" signature="verifyUserCreation()[pri:0, instance:apitest.ReqResTest@1eb2d371]" name="verifyUserCreation" duration-ms="454" started-at="2018-02-07T17:39:44Z" finished-at="2018-02-07T17:39:45Z">
          <reporter-output>
          </reporter-output>
        </test-method> <!-- verifyUserCreation -->
        <test-method status="PASS" signature="beforeMethod()[pri:0, instance:apitest.ReqResTest@1eb2d371]" name="beforeMethod" is-config="true" duration-ms="0" started-at="2018-02-07T17:39:44Z" finished-at="2018-02-07T17:39:44Z">
          <reporter-output>
          </reporter-output>
        </test-method> <!-- beforeMethod -->
        <test-method status="PASS" signature="beforeMethod(java.lang.reflect.Method)[pri:0, instance:apitest.ReqResTest@1eb2d371]" name="beforeMethod" is-config="true" duration-ms="0" started-at="2018-02-07T17:39:44Z" finished-at="2018-02-07T17:39:44Z">
          <params>
            <param index="0">
              <value>
                <![CDATA[public void apitest.ReqResTest.verifyUserCreation()]]>
              </value>
            </param>
          </params>
          <reporter-output>
          </reporter-output>
        </test-method> <!-- beforeMethod -->
        <test-method status="PASS" signature="beforeMethod()[pri:0, instance:apitest.ReqResTest@1eb2d371]" name="beforeMethod" is-config="true" duration-ms="0" started-at="2018-02-07T17:39:45Z" finished-at="2018-02-07T17:39:45Z">
          <reporter-output>
          </reporter-output>
        </test-method> <!-- beforeMethod -->
        <test-method status="PASS" signature="beforeMethod(java.lang.reflect.Method)[pri:0, instance:apitest.ReqResTest@1eb2d371]" name="beforeMethod" is-config="true" duration-ms="0" started-at="2018-02-07T17:39:45Z" finished-at="2018-02-07T17:39:45Z">
          <params>
            <param index="0">
              <value>
                <![CDATA[public void apitest.ReqResTest.verifyUserDeleteById()]]>
              </value>
            </param>
          </params>
          <reporter-output>
          </reporter-output>
        </test-method> <!-- beforeMethod -->
        <test-method status="PASS" signature="verifyUserDeleteById()[pri:0, instance:apitest.ReqResTest@1eb2d371]" name="verifyUserDeleteById" duration-ms="371" started-at="2018-02-07T17:39:45Z" finished-at="2018-02-07T17:39:45Z">
          <reporter-output>
          </reporter-output>
        </test-method> <!-- verifyUserDeleteById -->
        <test-method status="PASS" signature="beforeMethod()[pri:0, instance:apitest.ReqResTest@1eb2d371]" name="beforeMethod" is-config="true" duration-ms="0" started-at="2018-02-07T17:39:45Z" finished-at="2018-02-07T17:39:45Z">
          <reporter-output>
          </reporter-output>
        </test-method> <!-- beforeMethod -->
        <test-method status="PASS" signature="verifyUserNamesById()[pri:0, instance:apitest.ReqResTest@1eb2d371]" name="verifyUserNamesById" duration-ms="434" started-at="2018-02-07T17:39:45Z" finished-at="2018-02-07T17:39:45Z">
          <reporter-output>
          </reporter-output>
        </test-method> <!-- verifyUserNamesById -->
        <test-method status="PASS" signature="beforeMethod(java.lang.reflect.Method)[pri:0, instance:apitest.ReqResTest@1eb2d371]" name="beforeMethod" is-config="true" duration-ms="0" started-at="2018-02-07T17:39:45Z" finished-at="2018-02-07T17:39:45Z">
          <params>
            <param index="0">
              <value>
                <![CDATA[public void apitest.ReqResTest.verifyUserNamesById()]]>
              </value>
            </param>
          </params>
          <reporter-output>
          </reporter-output>
        </test-method> <!-- beforeMethod -->
        <test-method status="PASS" signature="beforeMethod(java.lang.reflect.Method)[pri:0, instance:apitest.ReqResTest@1eb2d371]" name="beforeMethod" is-config="true" duration-ms="1" started-at="2018-02-07T17:39:45Z" finished-at="2018-02-07T17:39:45Z">
          <params>
            <param index="0">
              <value>
                <![CDATA[public void apitest.ReqResTest.verifyUserPresenceById()]]>
              </value>
            </param>
          </params>
          <reporter-output>
          </reporter-output>
        </test-method> <!-- beforeMethod -->
        <test-method status="PASS" signature="verifyUserPresenceById()[pri:0, instance:apitest.ReqResTest@1eb2d371]" name="verifyUserPresenceById" duration-ms="535" started-at="2018-02-07T17:39:45Z" finished-at="2018-02-07T17:39:46Z">
          <reporter-output>
          </reporter-output>
        </test-method> <!-- verifyUserPresenceById -->
        <test-method status="PASS" signature="beforeMethod()[pri:0, instance:apitest.ReqResTest@1eb2d371]" name="beforeMethod" is-config="true" duration-ms="0" started-at="2018-02-07T17:39:45Z" finished-at="2018-02-07T17:39:45Z">
          <reporter-output>
          </reporter-output>
        </test-method> <!-- beforeMethod -->
        <test-method status="PASS" signature="verifyUserUpdate()[pri:0, instance:apitest.ReqResTest@1eb2d371]" name="verifyUserUpdate" duration-ms="592" started-at="2018-02-07T17:39:46Z" finished-at="2018-02-07T17:39:46Z">
          <reporter-output>
          </reporter-output>
        </test-method> <!-- verifyUserUpdate -->
        <test-method status="PASS" signature="beforeMethod()[pri:0, instance:apitest.ReqResTest@1eb2d371]" name="beforeMethod" is-config="true" duration-ms="0" started-at="2018-02-07T17:39:46Z" finished-at="2018-02-07T17:39:46Z">
          <reporter-output>
          </reporter-output>
        </test-method> <!-- beforeMethod -->
        <test-method status="PASS" signature="beforeMethod(java.lang.reflect.Method)[pri:0, instance:apitest.ReqResTest@1eb2d371]" name="beforeMethod" is-config="true" duration-ms="0" started-at="2018-02-07T17:39:46Z" finished-at="2018-02-07T17:39:46Z">
          <params>
            <param index="0">
              <value>
                <![CDATA[public void apitest.ReqResTest.verifyUserUpdate()]]>
              </value>
            </param>
          </params>
          <reporter-output>
          </reporter-output>
        </test-method> <!-- beforeMethod -->
        <test-method status="PASS" signature="beforeMethod(java.lang.reflect.Method)[pri:0, instance:apitest.ReqResTest@1eb2d371]" name="beforeMethod" is-config="true" duration-ms="0" started-at="2018-02-07T17:39:46Z" finished-at="2018-02-07T17:39:46Z">
          <params>
            <param index="0">
              <value>
                <![CDATA[public void apitest.ReqResTest.verifyUsersAmountOnPage()]]>
              </value>
            </param>
          </params>
          <reporter-output>
          </reporter-output>
        </test-method> <!-- beforeMethod -->
        <test-method status="PASS" signature="verifyUsersAmountOnPage()[pri:0, instance:apitest.ReqResTest@1eb2d371]" name="verifyUsersAmountOnPage" duration-ms="641" started-at="2018-02-07T17:39:46Z" finished-at="2018-02-07T17:39:47Z">
          <reporter-output>
          </reporter-output>
        </test-method> <!-- verifyUsersAmountOnPage -->
        <test-method status="PASS" signature="beforeMethod()[pri:0, instance:apitest.ReqResTest@1eb2d371]" name="beforeMethod" is-config="true" duration-ms="0" started-at="2018-02-07T17:39:46Z" finished-at="2018-02-07T17:39:46Z">
          <reporter-output>
          </reporter-output>
        </test-method> <!-- beforeMethod -->
        <test-method status="FAIL" signature="afterMethod()[pri:0, instance:apitest.ReqResTest@1eb2d371]" name="afterMethod" is-config="true" duration-ms="0" started-at="2018-02-07T17:39:47Z" finished-at="2018-02-07T17:39:47Z">
          <exception class="java.lang.NullPointerException">
            <full-stacktrace>
              <![CDATA[java.lang.NullPointerExceptionat ui.driver.Driver.quit(Driver.java:59)at apitest.BaseTest.afterMethod(BaseTest.java:29)at sun.reflect.NativeMethodAccessorImpl.invoke0(Native Method)at sun.reflect.NativeMethodAccessorImpl.invoke(NativeMethodAccessorImpl.java:62)at sun.reflect.DelegatingMethodAccessorImpl.invoke(DelegatingMethodAccessorImpl.java:43)at java.lang.reflect.Method.invoke(Method.java:498)at org.testng.internal.MethodInvocationHelper.invokeMethod(MethodInvocationHelper.java:124)at org.testng.internal.MethodInvocationHelper.invokeMethodConsideringTimeout(MethodInvocationHelper.java:59)at org.testng.internal.Invoker.invokeConfigurationMethod(Invoker.java:451)at org.testng.internal.Invoker.invokeConfigurations(Invoker.java:222)at org.testng.internal.Invoker.invokeConfigurations(Invoker.java:142)at org.testng.internal.TestMethodWorker.invokeAfterClassMethods(TestMethodWorker.java:208)at org.testng.internal.TestMethodWorker.run(TestMethodWorker.java:111)at org.testng.TestRunner.privateRun(TestRunner.java:648)at org.testng.TestRunner.run(TestRunner.java:505)at org.testng.SuiteRunner.runTest(SuiteRunner.java:455)at org.testng.SuiteRunner.runSequentially(SuiteRunner.java:450)at org.testng.SuiteRunner.privateRun(SuiteRunner.java:415)at org.testng.SuiteRunner.run(SuiteRunner.java:364)at org.testng.SuiteRunnerWorker.runSuite(SuiteRunnerWorker.java:52)at org.testng.SuiteRunnerWorker.run(SuiteRunnerWorker.java:84)at org.testng.TestNG.runSuitesSequentially(TestNG.java:1187)at org.testng.TestNG.runSuitesLocally(TestNG.java:1116)at org.testng.TestNG.runSuites(TestNG.java:1028)at org.testng.TestNG.run(TestNG.java:996)at org.apache.maven.surefire.testng.TestNGExecutor.run(TestNGExecutor.java:135)at org.apache.maven.surefire.testng.TestNGDirectoryTestSuite.executeMulti(TestNGDirectoryTestSuite.java:193)at org.apache.maven.surefire.testng.TestNGDirectoryTestSuite.execute(TestNGDirectoryTestSuite.java:94)at org.apache.maven.surefire.testng.TestNGProvider.invoke(TestNGProvider.java:146)at org.apache.maven.surefire.booter.ForkedBooter.invokeProviderInSameClassLoader(ForkedBooter.java:386)at org.apache.maven.surefire.booter.ForkedBooter.runSuitesInProcess(ForkedBooter.java:323)at org.apache.maven.surefire.booter.ForkedBooter.main(ForkedBooter.java:143)]]>
            </full-stacktrace>
          </exception> <!-- java.lang.NullPointerException -->
          <reporter-output>
          </reporter-output>
        </test-method> <!-- afterMethod -->
      </class> <!-- apitest.ReqResTest -->
    </test> <!-- Surefire test -->
  </suite> <!-- Surefire suite -->
</testng-results>
